
> comment@0.0.0 start /opt/bitnami/apache2/htdocs/school/Lab_9/comment
> node ./bin/www

[0mGET / [36m304 [0m5.909 ms - -[0m
[0mGET /javascripts/app.js [36m304 [0m1.606 ms - -[0m
[0mGET /comments [36m304 [0m18.604 ms - -[0m
[0mPUT /comments/56ea2e8bf0c5bf5a6388145a/upvote [32m200 [0m15.053 ms - 71[0m
[0mPUT /comments/56ea2e8bf0c5bf5a6388145a/upvote [32m200 [0m5.828 ms - 71[0m
[0mGET / [36m304 [0m0.523 ms - -[0m
[0mGET /javascripts/app.js [36m304 [0m0.326 ms - -[0m
[0mGET /comments [32m200 [0m5.434 ms - 1009[0m
[0mPOST /comments [32m200 [0m21.114 ms - 79[0m
[0mGET /comments [32m200 [0m3.857 ms - 1089[0m
[0mPUT /comments/56ea3d890aae3d0a67319748/upvote [32m200 [0m2.472 ms - 79[0m
[0mGET / [36m304 [0m0.320 ms - -[0m
[0mGET /javascripts/app.js [36m304 [0m0.636 ms - -[0m
[0mGET /comments [32m200 [0m4.606 ms - 1089[0m
[0mGET /favicon.ico [33m404 [0m323.085 ms - 2010[0m
[0mGET / [32m200 [0m2.801 ms - 1368[0m
[0mGET /favicon.ico [33m404 [0m38.398 ms - 2010[0m
[0mGET / [32m200 [0m1.054 ms - 1368[0m
[0mGET /favicon.ico [33m404 [0m32.917 ms - 2010[0m
[0mGET / [36m304 [0m0.548 ms - -[0m
[0mGET /javascripts/app.js [36m304 [0m0.756 ms - -[0m
[0mGET /comments [32m200 [0m6.412 ms - 1089[0m
[0mGET /favicon.ico [33m404 [0m16.911 ms - 2010[0m
[0mPOST /comments [32m200 [0m3.676 ms - 72[0m
[0mGET /comments [32m200 [0m4.034 ms - 1162[0m
[0mPUT /comments/56ec26ea0aae3d0a67319749/upvote [32m200 [0m3.125 ms - 72[0m
[0mPUT /comments/56ec26ea0aae3d0a67319749/upvote [32m200 [0m2.125 ms - 72[0m
[0mPUT /comments/56ec26ea0aae3d0a67319749/upvote [32m200 [0m4.124 ms - 72[0m
[0mGET / [36m304 [0m0.416 ms - -[0m
[0mGET /javascripts/app.js [36m304 [0m0.331 ms - -[0m
[0mGET /comments [32m200 [0m4.303 ms - 1162[0m
[0mGET / [32m200 [0m2.525 ms - 2000[0m
[0mGET /stylesheets/style.css [32m200 [0m0.930 ms - 1339[0m
[0mGET /javascripts/app.js [36m304 [0m0.216 ms - -[0m
[0mGET /comments [36m304 [0m6.370 ms - -[0m
[0mGET / [36m304 [0m0.307 ms - -[0m
[0mGET /stylesheets/style.css [32m200 [0m0.550 ms - 1319[0m
[0mGET /javascripts/app.js [36m304 [0m0.314 ms - -[0m
[0mGET /comments [36m304 [0m6.480 ms - -[0m
[0mGET / [32m200 [0m0.638 ms - 1996[0m
[0mGET /stylesheets/style.css [36m304 [0m0.324 ms - -[0m
[0mGET /javascripts/app.js [36m304 [0m0.189 ms - -[0m
[0mGET /comments [36m304 [0m3.259 ms - -[0m
[0mGET / [36m304 [0m1.167 ms - -[0m
[0mGET /javascripts/app.js [36m304 [0m0.913 ms - -[0m
[0mGET /stylesheets/style.css [32m200 [0m1.468 ms - 1315[0m
[0mGET /comments [36m304 [0m8.300 ms - -[0m
[0mGET / [32m200 [0m0.675 ms - 1993[0m
[0mGET /stylesheets/style.css [36m304 [0m0.352 ms - -[0m
[0mGET /javascripts/app.js [36m304 [0m0.210 ms - -[0m
[0mGET /comments [36m304 [0m3.030 ms - -[0m
[0mPOST /comments [32m200 [0m3.939 ms - 73[0m
[0mGET /comments [32m200 [0m4.842 ms - 1236[0m
[0mPUT /comments/56ec28400aae3d0a6731974a/upvote [32m200 [0m2.710 ms - 73[0m
[0mGET / [36m304 [0m0.441 ms - -[0m
[0mGET /stylesheets/style.css [36m304 [0m0.331 ms - -[0m
[0mGET /javascripts/app.js [36m304 [0m0.839 ms - -[0m
[0mGET /comments [32m200 [0m2.413 ms - 1236[0m
[0mGET /stylesheets/style.css [36m304 [0m0.674 ms - -[0m
[0mGET / [36m304 [0m0.311 ms - -[0m
[0mGET /stylesheets/style.css [36m304 [0m0.585 ms - -[0m
[0mGET /javascripts/app.js [36m304 [0m0.636 ms - -[0m
[0mGET /comments [36m304 [0m4.255 ms - -[0m
[0mGET / [36m304 [0m0.303 ms - -[0m
[0mGET /stylesheets/style.css [32m200 [0m0.618 ms - 1316[0m
[0mGET /javascripts/app.js [36m304 [0m0.212 ms - -[0m
[0mGET /comments [36m304 [0m5.905 ms - -[0m
[0mGET / [36m304 [0m0.325 ms - -[0m
[0mGET /stylesheets/style.css [32m200 [0m0.571 ms - 1315[0m
[0mGET /javascripts/app.js [36m304 [0m0.205 ms - -[0m
[0mGET /comments [36m304 [0m2.887 ms - -[0m
[0mGET / [32m200 [0m0.517 ms - 1983[0m
[0mGET /stylesheets/style.css [36m304 [0m0.320 ms - -[0m
[0mGET /javascripts/app.js [36m304 [0m0.194 ms - -[0m
[0mGET /comments [36m304 [0m3.066 ms - -[0m
[0mGET / [36m304 [0m0.299 ms - -[0m
[0mGET /stylesheets/style.css [32m200 [0m0.970 ms - 1312[0m
[0mGET /javascripts/app.js [36m304 [0m0.237 ms - -[0m
[0mGET /comments [36m304 [0m3.201 ms - -[0m
[0mGET / [36m304 [0m0.327 ms - -[0m
[0mGET /stylesheets/style.css [32m200 [0m0.538 ms - 1312[0m
[0mGET /javascripts/app.js [36m304 [0m0.202 ms - -[0m
[0mGET /comments [36m304 [0m4.267 ms - -[0m
[0mPOST /comments [32m200 [0m2.841 ms - 75[0m
[0mGET /comments [32m200 [0m2.335 ms - 1312[0m
[0mPUT /comments/56ec2f8f0aae3d0a6731974b/upvote [32m200 [0m3.610 ms - 75[0m
[0mPUT /comments/56ec2f8f0aae3d0a6731974b/upvote [32m200 [0m1.964 ms - 75[0m
[0mPUT /comments/56ea3d890aae3d0a67319748/upvote [32m200 [0m2.519 ms - 79[0m
[0mPUT /comments/56ec2f8f0aae3d0a6731974b/upvote [32m200 [0m4.191 ms - 75[0m
[0mPUT /comments/56ec26ea0aae3d0a67319749/upvote [32m200 [0m3.258 ms - 72[0m
[0mGET / [36m304 [0m0.482 ms - -[0m
[0mGET /stylesheets/style.css [36m304 [0m1.556 ms - -[0m
[0mGET /javascripts/app.js [36m304 [0m0.537 ms - -[0m
[0mGET /comments [32m200 [0m3.120 ms - 1312[0m
[0mGET / [32m200 [0m0.488 ms - 1983[0m
[0mGET /stylesheets/style.css [32m200 [0m0.539 ms - 1312[0m
[0mGET /javascripts/app.js [32m200 [0m0.341 ms - 1397[0m
[0mGET /comments [32m200 [0m3.222 ms - 1312[0m
[0mGET /favicon.ico [33m404 [0m18.531 ms - 2010[0m
[0mGET /comments [36m304 [0m6.048 ms - -[0m
[0mPOST /comments [32m200 [0m2.689 ms - 74[0m
[0mGET /comments [32m200 [0m3.618 ms - 1387[0m
[0mPUT /comments/56ed903e0aae3d0a6731974c/upvote [32m200 [0m9.491 ms - 74[0m
[0mPUT /comments/56ed903e0aae3d0a6731974c/upvote [32m200 [0m3.274 ms - 74[0m
[0mPUT /comments/56ea3d890aae3d0a67319748/upvote [32m200 [0m6.401 ms - 79[0m
[0mPUT /comments/56ed903e0aae3d0a6731974c/upvote [32m200 [0m1.920 ms - 74[0m
[0mPUT /comments/56ed903e0aae3d0a6731974c/upvote [32m200 [0m2.476 ms - 74[0m
[0mPUT /comments/56ed903e0aae3d0a6731974c/upvote [32m200 [0m2.419 ms - 74[0m
[0mPUT /comments/56ed903e0aae3d0a6731974c/upvote [32m200 [0m1.925 ms - 74[0m
[0mPUT /comments/56ed903e0aae3d0a6731974c/upvote [32m200 [0m2.395 ms - 74[0m
[0mPUT /comments/56ed903e0aae3d0a6731974c/upvote [32m200 [0m2.335 ms - 74[0m
[0mPUT /comments/56ed903e0aae3d0a6731974c/upvote [32m200 [0m1.885 ms - 74[0m
[0mGET / [32m200 [0m0.579 ms - 1983[0m
[0mGET /favicon.ico [33m404 [0m10.898 ms - 2010[0m
[0mPUT /comments/56ea3d890aae3d0a67319748/upvote [32m200 [0m3.137 ms - 79[0m
[0mPUT /comments/56ea3d890aae3d0a67319748/upvote [32m200 [0m2.226 ms - 79[0m
[0mPUT /comments/56ed903e0aae3d0a6731974c/upvote [32m200 [0m1.931 ms - 75[0m
[0mPUT /comments/56ed903e0aae3d0a6731974c/upvote [32m200 [0m1.967 ms - 75[0m
[0mPUT /comments/56ed903e0aae3d0a6731974c/upvote [32m200 [0m2.440 ms - 75[0m
[0mPUT /comments/56ed903e0aae3d0a6731974c/upvote [32m200 [0m2.950 ms - 75[0m
[0mPUT /comments/56ed903e0aae3d0a6731974c/upvote [32m200 [0m2.889 ms - 75[0m
[0mPUT /comments/56ed903e0aae3d0a6731974c/upvote [32m200 [0m2.472 ms - 75[0m
[0mPUT /comments/56ea2e8bf0c5bf5a6388145a/upvote [32m200 [0m2.342 ms - 71[0m
[0mPUT /comments/56ed903e0aae3d0a6731974c/upvote [32m200 [0m2.422 ms - 75[0m
[0mPUT /comments/56ea2e8bf0c5bf5a6388145a/upvote [32m200 [0m1.904 ms - 71[0m
[0mPUT /comments/56ed903e0aae3d0a6731974c/upvote [32m200 [0m2.941 ms - 75[0m
[0mPUT /comments/56ea2e8bf0c5bf5a6388145a/upvote [32m200 [0m1.974 ms - 71[0m
[0mPUT /comments/56ed903e0aae3d0a6731974c/upvote [32m200 [0m1.907 ms - 75[0m
[0mPUT /comments/56ed903e0aae3d0a6731974c/upvote [32m200 [0m1.919 ms - 75[0m
[0mPUT /comments/56ed903e0aae3d0a6731974c/upvote [32m200 [0m3.351 ms - 75[0m
[0mPUT /comments/56ed903e0aae3d0a6731974c/upvote [32m200 [0m2.286 ms - 75[0m
[0mPUT /comments/56ed903e0aae3d0a6731974c/upvote [32m200 [0m6.412 ms - 75[0m
[0mPUT /comments/56ed903e0aae3d0a6731974c/upvote [32m200 [0m2.309 ms - 75[0m
[0mPUT /comments/56ed903e0aae3d0a6731974c/upvote [32m200 [0m1.867 ms - 75[0m
[0mPUT /comments/56ed903e0aae3d0a6731974c/upvote [32m200 [0m1.860 ms - 75[0m
[0mPUT /comments/56ed903e0aae3d0a6731974c/upvote [32m200 [0m1.859 ms - 75[0m
[0mPUT /comments/56ed903e0aae3d0a6731974c/upvote [32m200 [0m2.048 ms - 75[0m
[0mPUT /comments/56ed903e0aae3d0a6731974c/upvote [32m200 [0m1.919 ms - 75[0m
[0mPUT /comments/56ed903e0aae3d0a6731974c/upvote [32m200 [0m1.834 ms - 75[0m
[0mPUT /comments/56ed903e0aae3d0a6731974c/upvote [32m200 [0m1.840 ms - 75[0m
[0mPUT /comments/56ed903e0aae3d0a6731974c/upvote [32m200 [0m2.388 ms - 75[0m
[0mPUT /comments/56ed903e0aae3d0a6731974c/upvote [32m200 [0m2.064 ms - 75[0m
[0mPUT /comments/56ed903e0aae3d0a6731974c/upvote [32m200 [0m4.873 ms - 75[0m
[0mPUT /comments/56ed903e0aae3d0a6731974c/upvote [32m200 [0m1.826 ms - 75[0m
[0mPUT /comments/56ed903e0aae3d0a6731974c/upvote [32m200 [0m1.768 ms - 75[0m
[0mPUT /comments/56ed903e0aae3d0a6731974c/upvote [32m200 [0m1.746 ms - 75[0m
[0mPUT /comments/56ed903e0aae3d0a6731974c/upvote [32m200 [0m1.859 ms - 75[0m
[0mPUT /comments/56ed903e0aae3d0a6731974c/upvote [32m200 [0m2.113 ms - 75[0m
[0mPUT /comments/56ed903e0aae3d0a6731974c/upvote [32m200 [0m3.167 ms - 75[0m
[0mPUT /comments/56ed903e0aae3d0a6731974c/upvote [32m200 [0m2.327 ms - 75[0m
[0mPUT /comments/56ed903e0aae3d0a6731974c/upvote [32m200 [0m2.297 ms - 75[0m
[0mPUT /comments/56ed903e0aae3d0a6731974c/upvote [32m200 [0m2.690 ms - 75[0m
[0mPUT /comments/56ed903e0aae3d0a6731974c/upvote [32m200 [0m2.432 ms - 75[0m
[0mPUT /comments/56ed903e0aae3d0a6731974c/upvote [32m200 [0m2.820 ms - 75[0m
[0mPUT /comments/56ed903e0aae3d0a6731974c/upvote [32m200 [0m4.301 ms - 75[0m
[0mPUT /comments/56ed903e0aae3d0a6731974c/upvote [32m200 [0m1.839 ms - 75[0m
[0mPUT /comments/56ed903e0aae3d0a6731974c/upvote [32m200 [0m1.815 ms - 75[0m
[0mPUT /comments/56ed903e0aae3d0a6731974c/upvote [32m200 [0m2.391 ms - 75[0m
[0mPUT /comments/56ed903e0aae3d0a6731974c/upvote [32m200 [0m1.791 ms - 75[0m
[0mPUT /comments/56ed903e0aae3d0a6731974c/upvote [32m200 [0m2.290 ms - 75[0m
[0mPUT /comments/56ed903e0aae3d0a6731974c/upvote [32m200 [0m1.720 ms - 75[0m
[0mPUT /comments/56ed903e0aae3d0a6731974c/upvote [32m200 [0m2.906 ms - 75[0m
[0mPUT /comments/56ed903e0aae3d0a6731974c/upvote [32m200 [0m1.784 ms - 75[0m
[0mPUT /comments/56ed903e0aae3d0a6731974c/upvote [32m200 [0m1.801 ms - 75[0m
[0mPUT /comments/56ed903e0aae3d0a6731974c/upvote [32m200 [0m1.815 ms - 75[0m
[0mPUT /comments/56ed903e0aae3d0a6731974c/upvote [32m200 [0m4.677 ms - 75[0m
[0mPUT /comments/56ed903e0aae3d0a6731974c/upvote [32m200 [0m1.813 ms - 75[0m
[0mPUT /comments/56ed903e0aae3d0a6731974c/upvote [32m200 [0m1.821 ms - 75[0m
[0mPUT /comments/56ed903e0aae3d0a6731974c/upvote [32m200 [0m1.857 ms - 75[0m
[0mPUT /comments/56ed903e0aae3d0a6731974c/upvote [32m200 [0m1.742 ms - 75[0m
[0mPUT /comments/56ed903e0aae3d0a6731974c/upvote [32m200 [0m1.840 ms - 75[0m
[0mPUT /comments/56ed903e0aae3d0a6731974c/upvote [32m200 [0m1.696 ms - 75[0m
[0mPUT /comments/56ed903e0aae3d0a6731974c/upvote [32m200 [0m1.843 ms - 75[0m
[0mPUT /comments/56ed903e0aae3d0a6731974c/upvote [32m200 [0m1.989 ms - 75[0m
[0mPUT /comments/56ed903e0aae3d0a6731974c/upvote [32m200 [0m1.680 ms - 75[0m
[0mPUT /comments/56ed903e0aae3d0a6731974c/upvote [32m200 [0m1.665 ms - 75[0m
[0mPUT /comments/56ed903e0aae3d0a6731974c/upvote [32m200 [0m1.678 ms - 75[0m
[0mPUT /comments/56ed903e0aae3d0a6731974c/upvote [32m200 [0m1.702 ms - 75[0m
[0mPUT /comments/56ed903e0aae3d0a6731974c/upvote [32m200 [0m2.776 ms - 75[0m
[0mPUT /comments/56ed903e0aae3d0a6731974c/upvote [32m200 [0m2.086 ms - 75[0m
[0mPUT /comments/56ed903e0aae3d0a6731974c/upvote [32m200 [0m1.731 ms - 75[0m
[0mPUT /comments/56ed903e0aae3d0a6731974c/upvote [32m200 [0m1.782 ms - 75[0m
[0mPUT /comments/56ed903e0aae3d0a6731974c/upvote [32m200 [0m2.233 ms - 75[0m
[0mPUT /comments/56ed903e0aae3d0a6731974c/upvote [32m200 [0m1.805 ms - 75[0m
[0mPUT /comments/56ed903e0aae3d0a6731974c/upvote [32m200 [0m2.113 ms - 75[0m
[0mPUT /comments/56ed903e0aae3d0a6731974c/upvote [32m200 [0m1.868 ms - 75[0m
[0mPUT /comments/56ed903e0aae3d0a6731974c/upvote [32m200 [0m1.806 ms - 75[0m
[0mPUT /comments/56ed903e0aae3d0a6731974c/upvote [32m200 [0m6.436 ms - 75[0m
[0mPUT /comments/56ed903e0aae3d0a6731974c/upvote [32m200 [0m2.386 ms - 75[0m
[0mPUT /comments/56ed903e0aae3d0a6731974c/upvote [32m200 [0m1.936 ms - 75[0m
[0mPUT /comments/56ed903e0aae3d0a6731974c/upvote [32m200 [0m1.850 ms - 75[0m
[0mPUT /comments/56ed903e0aae3d0a6731974c/upvote [32m200 [0m1.894 ms - 75[0m
[0mPUT /comments/56ed903e0aae3d0a6731974c/upvote [32m200 [0m2.911 ms - 75[0m
[0mPUT /comments/56ed903e0aae3d0a6731974c/upvote [32m200 [0m2.041 ms - 75[0m
[0mPUT /comments/56ed903e0aae3d0a6731974c/upvote [32m200 [0m2.101 ms - 75[0m
[0mPUT /comments/56ed903e0aae3d0a6731974c/upvote [32m200 [0m1.854 ms - 75[0m
[0mPUT /comments/56ed903e0aae3d0a6731974c/upvote [32m200 [0m1.801 ms - 75[0m
[0mPUT /comments/56ed903e0aae3d0a6731974c/upvote [32m200 [0m2.441 ms - 75[0m
[0mPUT /comments/56ed903e0aae3d0a6731974c/upvote [32m200 [0m6.849 ms - 75[0m
[0mPUT /comments/56ed903e0aae3d0a6731974c/upvote [32m200 [0m1.773 ms - 75[0m
[0mPUT /comments/56ed903e0aae3d0a6731974c/upvote [32m200 [0m1.802 ms - 75[0m
[0mPUT /comments/56ed903e0aae3d0a6731974c/upvote [32m200 [0m1.853 ms - 75[0m
[0mPUT /comments/56ed903e0aae3d0a6731974c/upvote [32m200 [0m1.856 ms - 75[0m
[0mPUT /comments/56ed903e0aae3d0a6731974c/upvote [32m200 [0m1.821 ms - 75[0m
[0mPUT /comments/56ed903e0aae3d0a6731974c/upvote [32m200 [0m1.855 ms - 75[0m
[0mPUT /comments/56ed903e0aae3d0a6731974c/upvote [32m200 [0m1.744 ms - 75[0m
[0mPUT /comments/56ed903e0aae3d0a6731974c/upvote [32m200 [0m1.773 ms - 75[0m
[0mPUT /comments/56ed903e0aae3d0a6731974c/upvote [32m200 [0m1.881 ms - 75[0m
[0mPUT /comments/56ed903e0aae3d0a6731974c/upvote [32m200 [0m2.285 ms - 75[0m
[0mGET / [32m200 [0m0.632 ms - 1983[0m
[0mGET /favicon.ico [33m404 [0m35.061 ms - 2010[0m
[0mGET / [36m304 [0m0.377 ms - -[0m
[0mGET /stylesheets/style.css [36m304 [0m0.302 ms - -[0m
[0mGET /javascripts/app.js [36m304 [0m0.225 ms - -[0m
[0mGET /favicon.ico [33m404 [0m41.889 ms - 2010[0m
[0mGET /comments [32m200 [0m3.177 ms - 1388[0m
[0mGET / [36m304 [0m0.337 ms - -[0m
[0mGET /stylesheets/style.css [36m304 [0m0.386 ms - -[0m
[0mGET /javascripts/app.js [36m304 [0m0.299 ms - -[0m
[0mGET /comments [36m304 [0m3.334 ms - -[0m
[0mGET /favicon.ico [33m404 [0m31.453 ms - 2010[0m
[0mGET / [36m304 [0m0.578 ms - -[0m
[0mGET /stylesheets/style.css [36m304 [0m0.519 ms - -[0m
[0mGET /javascripts/app.js [36m304 [0m0.297 ms - -[0m
[0mGET /comments [32m200 [0m2.631 ms - 1388[0m
[0mGET / [36m304 [0m0.632 ms - -[0m
[0mGET /favicon.ico [33m404 [0m18.273 ms - 2010[0m
[0mGET /stylesheets/style.css [36m304 [0m0.454 ms - -[0m
[0mGET /javascripts/app.js [36m304 [0m0.200 ms - -[0m
[0mGET /comments [36m304 [0m2.974 ms - -[0m
[0mGET /favicon.ico [33m404 [0m15.438 ms - 2010[0m
[0mGET / [36m304 [0m0.367 ms - -[0m
[0mGET /stylesheets/style.css [36m304 [0m0.323 ms - -[0m
[0mGET /javascripts/app.js [36m304 [0m0.290 ms - -[0m
[0mGET /comments [36m304 [0m2.505 ms - -[0m
[0mGET / [32m200 [0m0.668 ms - 1983[0m
[0mGET /favicon.ico [33m404 [0m6.268 ms - 2010[0m
